2020-09-03 09:39:42.552 [http-nio-8080-exec-3] DEBUG org.hibernate.SQL - select advertisem0_.id as id1_1_, advertisem0_.link as link2_1_, advertisem0_.photo as photo3_1_ from advertisement advertisem0_
2020-09-03 09:39:42.597 [http-nio-8080-exec-3] ERROR o.a.c.c.C.[.[localhost].[/].[dispatcherServlet] - Servlet.service() for servlet [dispatcherServlet] in context with path [] threw exception [Request processing failed; nested exception is java.lang.IndexOutOfBoundsException: toIndex = 4] with root cause
java.lang.IndexOutOfBoundsException: toIndex = 4
	at java.util.ArrayList.subListRangeCheck(ArrayList.java:1012)
	at java.util.ArrayList.subList(ArrayList.java:1004)
	at restController.controller.com.hhb.trainbookingsystem.ManagerCenterRestController.showAdvertisement(ManagerCenterRestController.java:149)
	at sun.reflect.NativeMethodAccessorImpl.invoke0(Native Method)
	at sun.reflect.NativeMethodAccessorImpl.invoke(NativeMethodAccessorImpl.java:62)
	at sun.reflect.DelegatingMethodAccessorImpl.invoke(DelegatingMethodAccessorImpl.java:43)
	at java.lang.reflect.Method.invoke(Method.java:498)
	at org.springframework.web.method.support.InvocableHandlerMethod.doInvoke(InvocableHandlerMethod.java:190)
	at org.springframework.web.method.support.InvocableHandlerMethod.invokeForRequest(InvocableHandlerMethod.java:138)
	at org.springframework.web.servlet.mvc.method.annotation.ServletInvocableHandlerMethod.invokeAndHandle(ServletInvocableHandlerMethod.java:105)
	at org.springframework.web.servlet.mvc.method.annotation.RequestMappingHandlerAdapter.invokeHandlerMethod(RequestMappingHandlerAdapter.java:879)
	at org.springframework.web.servlet.mvc.method.annotation.RequestMappingHandlerAdapter.handleInternal(RequestMappingHandlerAdapter.java:793)
	at org.springframework.web.servlet.mvc.method.AbstractHandlerMethodAdapter.handle(AbstractHandlerMethodAdapter.java:87)
	at org.springframework.web.servlet.DispatcherServlet.doDispatch(DispatcherServlet.java:1040)
	at org.springframework.web.servlet.DispatcherServlet.doService(DispatcherServlet.java:943)
	at org.springframework.web.servlet.FrameworkServlet.processRequest(FrameworkServlet.java:1006)
	at org.springframework.web.servlet.FrameworkServlet.doGet(FrameworkServlet.java:898)
	at javax.servlet.http.HttpServlet.service(HttpServlet.java:634)
	at org.springframework.web.servlet.FrameworkServlet.service(FrameworkServlet.java:883)
	at javax.servlet.http.HttpServlet.service(HttpServlet.java:741)
	at org.apache.catalina.core.ApplicationFilterChain.internalDoFilter(ApplicationFilterChain.java:231)
	at org.apache.catalina.core.ApplicationFilterChain.doFilter(ApplicationFilterChain.java:166)
	at org.apache.tomcat.websocket.server.WsFilter.doFilter(WsFilter.java:53)
	at org.apache.catalina.core.ApplicationFilterChain.internalDoFilter(ApplicationFilterChain.java:193)
	at org.apache.catalina.core.ApplicationFilterChain.doFilter(ApplicationFilterChain.java:166)
	at org.springframework.security.web.authentication.AbstractAuthenticationProcessingFilter.doFilter(AbstractAuthenticationProcessingFilter.java:200)
	at org.apache.catalina.core.ApplicationFilterChain.internalDoFilter(ApplicationFilterChain.java:193)
	at org.apache.catalina.core.ApplicationFilterChain.doFilter(ApplicationFilterChain.java:166)
	at org.springframework.web.servlet.resource.ResourceUrlEncodingFilter.doFilter(ResourceUrlEncodingFilter.java:64)
	at org.apache.catalina.core.ApplicationFilterChain.internalDoFilter(ApplicationFilterChain.java:193)
	at org.apache.catalina.core.ApplicationFilterChain.doFilter(ApplicationFilterChain.java:166)
	at org.springframework.security.web.FilterChainProxy$VirtualFilterChain.doFilter(FilterChainProxy.java:320)
	at org.springframework.security.web.access.intercept.FilterSecurityInterceptor.invoke(FilterSecurityInterceptor.java:126)
	at org.springframework.security.web.access.intercept.FilterSecurityInterceptor.doFilter(FilterSecurityInterceptor.java:90)
	at org.springframework.security.web.FilterChainProxy$VirtualFilterChain.doFilter(FilterChainProxy.java:334)
	at org.springframework.security.web.access.ExceptionTranslationFilter.doFilter(ExceptionTranslationFilter.java:118)
	at org.springframework.security.web.FilterChainProxy$VirtualFilterChain.doFilter(FilterChainProxy.java:334)
	at org.springframework.security.web.session.SessionManagementFilter.doFilter(SessionManagementFilter.java:137)
	at org.springframework.security.web.FilterChainProxy$VirtualFilterChain.doFilter(FilterChainProxy.java:334)
	at org.springframework.security.web.authentication.AnonymousAuthenticationFilter.doFilter(AnonymousAuthenticationFilter.java:111)
	at org.springframework.security.web.FilterChainProxy$VirtualFilterChain.doFilter(FilterChainProxy.java:334)
	at org.springframework.security.web.authentication.AbstractAuthenticationProcessingFilter.doFilter(AbstractAuthenticationProcessingFilter.java:200)
	at org.springframework.security.web.FilterChainProxy$VirtualFilterChain.doFilter(FilterChainProxy.java:334)
	at org.springframework.security.web.servletapi.SecurityContextHolderAwareRequestFilter.doFilter(SecurityContextHolderAwareRequestFilter.java:158)
	at org.springframework.security.web.FilterChainProxy$VirtualFilterChain.doFilter(FilterChainProxy.java:334)
	at org.springframework.security.web.savedrequest.RequestCacheAwareFilter.doFilter(RequestCacheAwareFilter.java:63)
	at org.springframework.security.web.FilterChainProxy$VirtualFilterChain.doFilter(FilterChainProxy.java:334)
	at org.springframework.security.web.header.HeaderWriterFilter.doHeadersAfter(HeaderWriterFilter.java:92)
	at org.springframework.security.web.header.HeaderWriterFilter.doFilterInternal(HeaderWriterFilter.java:77)
	at org.springframework.web.filter.OncePerRequestFilter.doFilter(OncePerRequestFilter.java:119)
	at org.springframework.security.web.FilterChainProxy$VirtualFilterChain.doFilter(FilterChainProxy.java:334)
	at org.springframework.security.web.context.SecurityContextPersistenceFilter.doFilter(SecurityContextPersistenceFilter.java:105)
	at org.springframework.security.web.FilterChainProxy$VirtualFilterChain.doFilter(FilterChainProxy.java:334)
	at org.springframework.security.web.context.request.async.WebAsyncManagerIntegrationFilter.doFilterInternal(WebAsyncManagerIntegrationFilter.java:56)
	at org.springframework.web.filter.OncePerRequestFilter.doFilter(OncePerRequestFilter.java:119)
	at org.springframework.security.web.FilterChainProxy$VirtualFilterChain.doFilter(FilterChainProxy.java:334)
	at org.springframework.security.web.FilterChainProxy.doFilterInternal(FilterChainProxy.java:215)
	at org.springframework.security.web.FilterChainProxy.doFilter(FilterChainProxy.java:178)
	at org.springframework.web.filter.DelegatingFilterProxy.invokeDelegate(DelegatingFilterProxy.java:358)
	at org.springframework.web.filter.DelegatingFilterProxy.doFilter(DelegatingFilterProxy.java:271)
	at org.apache.catalina.core.ApplicationFilterChain.internalDoFilter(ApplicationFilterChain.java:193)
	at org.apache.catalina.core.ApplicationFilterChain.doFilter(ApplicationFilterChain.java:166)
	at org.springframework.web.filter.RequestContextFilter.doFilterInternal(RequestContextFilter.java:100)
	at org.springframework.web.filter.OncePerRequestFilter.doFilter(OncePerRequestFilter.java:119)
	at org.apache.catalina.core.ApplicationFilterChain.internalDoFilter(ApplicationFilterChain.java:193)
	at org.apache.catalina.core.ApplicationFilterChain.doFilter(ApplicationFilterChain.java:166)
	at org.springframework.web.filter.FormContentFilter.doFilterInternal(FormContentFilter.java:93)
	at org.springframework.web.filter.OncePerRequestFilter.doFilter(OncePerRequestFilter.java:119)
	at org.apache.catalina.core.ApplicationFilterChain.internalDoFilter(ApplicationFilterChain.java:193)
	at org.apache.catalina.core.ApplicationFilterChain.doFilter(ApplicationFilterChain.java:166)
	at org.springframework.web.filter.CharacterEncodingFilter.doFilterInternal(CharacterEncodingFilter.java:201)
	at org.springframework.web.filter.OncePerRequestFilter.doFilter(OncePerRequestFilter.java:119)
	at org.apache.catalina.core.ApplicationFilterChain.internalDoFilter(ApplicationFilterChain.java:193)
	at org.apache.catalina.core.ApplicationFilterChain.doFilter(ApplicationFilterChain.java:166)
	at org.apache.catalina.core.StandardWrapperValve.invoke(StandardWrapperValve.java:202)
	at org.apache.catalina.core.StandardContextValve.invoke(StandardContextValve.java:96)
	at org.apache.catalina.authenticator.AuthenticatorBase.invoke(AuthenticatorBase.java:541)
	at org.apache.catalina.core.StandardHostValve.invoke(StandardHostValve.java:139)
	at org.apache.catalina.valves.ErrorReportValve.invoke(ErrorReportValve.java:92)
	at org.apache.catalina.core.StandardEngineValve.invoke(StandardEngineValve.java:74)
	at org.apache.catalina.connector.CoyoteAdapter.service(CoyoteAdapter.java:343)
	at org.apache.coyote.http11.Http11Processor.service(Http11Processor.java:373)
	at org.apache.coyote.AbstractProcessorLight.process(AbstractProcessorLight.java:65)
	at org.apache.coyote.AbstractProtocol$ConnectionHandler.process(AbstractProtocol.java:868)
	at org.apache.tomcat.util.net.NioEndpoint$SocketProcessor.doRun(NioEndpoint.java:1590)
	at org.apache.tomcat.util.net.SocketProcessorBase.run(SocketProcessorBase.java:49)
	at java.util.concurrent.ThreadPoolExecutor.runWorker(ThreadPoolExecutor.java:1149)
	at java.util.concurrent.ThreadPoolExecutor$Worker.run(ThreadPoolExecutor.java:624)
	at org.apache.tomcat.util.threads.TaskThread$WrappingRunnable.run(TaskThread.java:61)
	at java.lang.Thread.run(Thread.java:748)
2020-09-03 09:39:54.596 [http-nio-8080-exec-6] DEBUG org.hibernate.SQL - select * from routeline where route_line like concat('%', ?, '%', ?, '%') 
2020-09-03 09:39:54.605 [http-nio-8080-exec-6] TRACE org.hibernate.type.descriptor.sql.BasicBinder - binding parameter [1] as [VARCHAR] - [scs]
2020-09-03 09:39:54.605 [http-nio-8080-exec-6] TRACE org.hibernate.type.descriptor.sql.BasicBinder - binding parameter [2] as [VARCHAR] - [csc]
2020-09-03 15:10:56.900 [http-nio-8080-exec-7] DEBUG org.hibernate.SQL - select next_val as id_val from hibernate_sequence for update
2020-09-03 15:10:56.970 [http-nio-8080-exec-7] DEBUG org.hibernate.SQL - update hibernate_sequence set next_val= ? where next_val=?
2020-09-03 15:10:57.043 [http-nio-8080-exec-7] DEBUG org.hibernate.SQL - insert into ordinary_user (balance, credit, email, isstudent, name, password, person_id, phonenum, realname, type, id) values (?, ?, ?, ?, ?, ?, ?, ?, ?, ?, ?)
2020-09-03 15:10:57.050 [http-nio-8080-exec-7] TRACE org.hibernate.type.descriptor.sql.BasicBinder - binding parameter [1] as [NUMERIC] - [null]
2020-09-03 15:10:57.051 [http-nio-8080-exec-7] TRACE org.hibernate.type.descriptor.sql.BasicBinder - binding parameter [2] as [TINYINT] - [null]
2020-09-03 15:10:57.052 [http-nio-8080-exec-7] TRACE org.hibernate.type.descriptor.sql.BasicBinder - binding parameter [3] as [VARCHAR] - [11@qq.com]
2020-09-03 15:10:57.052 [http-nio-8080-exec-7] TRACE org.hibernate.type.descriptor.sql.BasicBinder - binding parameter [4] as [TINYINT] - [0]
2020-09-03 15:10:57.052 [http-nio-8080-exec-7] TRACE org.hibernate.type.descriptor.sql.BasicBinder - binding parameter [5] as [VARCHAR] - [11]
2020-09-03 15:10:57.052 [http-nio-8080-exec-7] TRACE org.hibernate.type.descriptor.sql.BasicBinder - binding parameter [6] as [VARCHAR] - [11]
2020-09-03 15:10:57.052 [http-nio-8080-exec-7] TRACE org.hibernate.type.descriptor.sql.BasicBinder - binding parameter [7] as [VARCHAR] - [11]
2020-09-03 15:10:57.053 [http-nio-8080-exec-7] TRACE org.hibernate.type.descriptor.sql.BasicBinder - binding parameter [8] as [VARCHAR] - [11]
2020-09-03 15:10:57.053 [http-nio-8080-exec-7] TRACE org.hibernate.type.descriptor.sql.BasicBinder - binding parameter [9] as [VARCHAR] - [11]
2020-09-03 15:10:57.053 [http-nio-8080-exec-7] TRACE org.hibernate.type.descriptor.sql.BasicBinder - binding parameter [10] as [VARCHAR] - [中国居民身份证]
2020-09-03 15:10:57.054 [http-nio-8080-exec-7] TRACE org.hibernate.type.descriptor.sql.BasicBinder - binding parameter [11] as [INTEGER] - [81]
2020-09-03 15:11:06.670 [http-nio-8080-exec-1] DEBUG org.hibernate.SQL - select ordinaryus0_.id as id1_4_, ordinaryus0_.balance as balance2_4_, ordinaryus0_.credit as credit3_4_, ordinaryus0_.email as email4_4_, ordinaryus0_.isstudent as isstuden5_4_, ordinaryus0_.name as name6_4_, ordinaryus0_.password as password7_4_, ordinaryus0_.person_id as person_i8_4_, ordinaryus0_.phonenum as phonenum9_4_, ordinaryus0_.realname as realnam10_4_, ordinaryus0_.type as type11_4_ from ordinary_user ordinaryus0_ where ordinaryus0_.name=? and ordinaryus0_.password=?
2020-09-03 15:11:06.672 [http-nio-8080-exec-1] TRACE org.hibernate.type.descriptor.sql.BasicBinder - binding parameter [1] as [VARCHAR] - [11]
2020-09-03 15:11:06.673 [http-nio-8080-exec-1] TRACE org.hibernate.type.descriptor.sql.BasicBinder - binding parameter [2] as [VARCHAR] - [11]
2020-09-03 15:11:07.552 [http-nio-8080-exec-4] DEBUG org.hibernate.SQL - select advertisem0_.id as id1_1_, advertisem0_.link as link2_1_, advertisem0_.photo as photo3_1_ from advertisement advertisem0_
2020-09-03 15:11:07.596 [http-nio-8080-exec-4] ERROR o.a.c.c.C.[.[localhost].[/].[dispatcherServlet] - Servlet.service() for servlet [dispatcherServlet] in context with path [] threw exception [Request processing failed; nested exception is java.lang.IndexOutOfBoundsException: toIndex = 4] with root cause
java.lang.IndexOutOfBoundsException: toIndex = 4
	at java.util.ArrayList.subListRangeCheck(ArrayList.java:1012)
	at java.util.ArrayList.subList(ArrayList.java:1004)
	at restController.controller.com.hhb.trainbookingsystem.ManagerCenterRestController.showAdvertisement(ManagerCenterRestController.java:149)
	at sun.reflect.NativeMethodAccessorImpl.invoke0(Native Method)
	at sun.reflect.NativeMethodAccessorImpl.invoke(NativeMethodAccessorImpl.java:62)
	at sun.reflect.DelegatingMethodAccessorImpl.invoke(DelegatingMethodAccessorImpl.java:43)
	at java.lang.reflect.Method.invoke(Method.java:498)
	at org.springframework.web.method.support.InvocableHandlerMethod.doInvoke(InvocableHandlerMethod.java:190)
	at org.springframework.web.method.support.InvocableHandlerMethod.invokeForRequest(InvocableHandlerMethod.java:138)
	at org.springframework.web.servlet.mvc.method.annotation.ServletInvocableHandlerMethod.invokeAndHandle(ServletInvocableHandlerMethod.java:105)
	at org.springframework.web.servlet.mvc.method.annotation.RequestMappingHandlerAdapter.invokeHandlerMethod(RequestMappingHandlerAdapter.java:879)
	at org.springframework.web.servlet.mvc.method.annotation.RequestMappingHandlerAdapter.handleInternal(RequestMappingHandlerAdapter.java:793)
	at org.springframework.web.servlet.mvc.method.AbstractHandlerMethodAdapter.handle(AbstractHandlerMethodAdapter.java:87)
	at org.springframework.web.servlet.DispatcherServlet.doDispatch(DispatcherServlet.java:1040)
	at org.springframework.web.servlet.DispatcherServlet.doService(DispatcherServlet.java:943)
	at org.springframework.web.servlet.FrameworkServlet.processRequest(FrameworkServlet.java:1006)
	at org.springframework.web.servlet.FrameworkServlet.doGet(FrameworkServlet.java:898)
	at javax.servlet.http.HttpServlet.service(HttpServlet.java:634)
	at org.springframework.web.servlet.FrameworkServlet.service(FrameworkServlet.java:883)
	at javax.servlet.http.HttpServlet.service(HttpServlet.java:741)
	at org.apache.catalina.core.ApplicationFilterChain.internalDoFilter(ApplicationFilterChain.java:231)
	at org.apache.catalina.core.ApplicationFilterChain.doFilter(ApplicationFilterChain.java:166)
	at org.apache.tomcat.websocket.server.WsFilter.doFilter(WsFilter.java:53)
	at org.apache.catalina.core.ApplicationFilterChain.internalDoFilter(ApplicationFilterChain.java:193)
	at org.apache.catalina.core.ApplicationFilterChain.doFilter(ApplicationFilterChain.java:166)
	at org.springframework.security.web.authentication.AbstractAuthenticationProcessingFilter.doFilter(AbstractAuthenticationProcessingFilter.java:200)
	at org.apache.catalina.core.ApplicationFilterChain.internalDoFilter(ApplicationFilterChain.java:193)
	at org.apache.catalina.core.ApplicationFilterChain.doFilter(ApplicationFilterChain.java:166)
	at org.springframework.web.servlet.resource.ResourceUrlEncodingFilter.doFilter(ResourceUrlEncodingFilter.java:64)
	at org.apache.catalina.core.ApplicationFilterChain.internalDoFilter(ApplicationFilterChain.java:193)
	at org.apache.catalina.core.ApplicationFilterChain.doFilter(ApplicationFilterChain.java:166)
	at org.springframework.security.web.FilterChainProxy$VirtualFilterChain.doFilter(FilterChainProxy.java:320)
	at org.springframework.security.web.access.intercept.FilterSecurityInterceptor.invoke(FilterSecurityInterceptor.java:126)
	at org.springframework.security.web.access.intercept.FilterSecurityInterceptor.doFilter(FilterSecurityInterceptor.java:90)
	at org.springframework.security.web.FilterChainProxy$VirtualFilterChain.doFilter(FilterChainProxy.java:334)
	at org.springframework.security.web.access.ExceptionTranslationFilter.doFilter(ExceptionTranslationFilter.java:118)
	at org.springframework.security.web.FilterChainProxy$VirtualFilterChain.doFilter(FilterChainProxy.java:334)
	at org.springframework.security.web.session.SessionManagementFilter.doFilter(SessionManagementFilter.java:137)
	at org.springframework.security.web.FilterChainProxy$VirtualFilterChain.doFilter(FilterChainProxy.java:334)
	at org.springframework.security.web.authentication.AnonymousAuthenticationFilter.doFilter(AnonymousAuthenticationFilter.java:111)
	at org.springframework.security.web.FilterChainProxy$VirtualFilterChain.doFilter(FilterChainProxy.java:334)
	at org.springframework.security.web.authentication.AbstractAuthenticationProcessingFilter.doFilter(AbstractAuthenticationProcessingFilter.java:200)
	at org.springframework.security.web.FilterChainProxy$VirtualFilterChain.doFilter(FilterChainProxy.java:334)
	at org.springframework.security.web.servletapi.SecurityContextHolderAwareRequestFilter.doFilter(SecurityContextHolderAwareRequestFilter.java:158)
	at org.springframework.security.web.FilterChainProxy$VirtualFilterChain.doFilter(FilterChainProxy.java:334)
	at org.springframework.security.web.savedrequest.RequestCacheAwareFilter.doFilter(RequestCacheAwareFilter.java:63)
	at org.springframework.security.web.FilterChainProxy$VirtualFilterChain.doFilter(FilterChainProxy.java:334)
	at org.springframework.security.web.header.HeaderWriterFilter.doHeadersAfter(HeaderWriterFilter.java:92)
	at org.springframework.security.web.header.HeaderWriterFilter.doFilterInternal(HeaderWriterFilter.java:77)
	at org.springframework.web.filter.OncePerRequestFilter.doFilter(OncePerRequestFilter.java:119)
	at org.springframework.security.web.FilterChainProxy$VirtualFilterChain.doFilter(FilterChainProxy.java:334)
	at org.springframework.security.web.context.SecurityContextPersistenceFilter.doFilter(SecurityContextPersistenceFilter.java:105)
	at org.springframework.security.web.FilterChainProxy$VirtualFilterChain.doFilter(FilterChainProxy.java:334)
	at org.springframework.security.web.context.request.async.WebAsyncManagerIntegrationFilter.doFilterInternal(WebAsyncManagerIntegrationFilter.java:56)
	at org.springframework.web.filter.OncePerRequestFilter.doFilter(OncePerRequestFilter.java:119)
	at org.springframework.security.web.FilterChainProxy$VirtualFilterChain.doFilter(FilterChainProxy.java:334)
	at org.springframework.security.web.FilterChainProxy.doFilterInternal(FilterChainProxy.java:215)
	at org.springframework.security.web.FilterChainProxy.doFilter(FilterChainProxy.java:178)
	at org.springframework.web.filter.DelegatingFilterProxy.invokeDelegate(DelegatingFilterProxy.java:358)
	at org.springframework.web.filter.DelegatingFilterProxy.doFilter(DelegatingFilterProxy.java:271)
	at org.apache.catalina.core.ApplicationFilterChain.internalDoFilter(ApplicationFilterChain.java:193)
	at org.apache.catalina.core.ApplicationFilterChain.doFilter(ApplicationFilterChain.java:166)
	at org.springframework.web.filter.RequestContextFilter.doFilterInternal(RequestContextFilter.java:100)
	at org.springframework.web.filter.OncePerRequestFilter.doFilter(OncePerRequestFilter.java:119)
	at org.apache.catalina.core.ApplicationFilterChain.internalDoFilter(ApplicationFilterChain.java:193)
	at org.apache.catalina.core.ApplicationFilterChain.doFilter(ApplicationFilterChain.java:166)
	at org.springframework.web.filter.FormContentFilter.doFilterInternal(FormContentFilter.java:93)
	at org.springframework.web.filter.OncePerRequestFilter.doFilter(OncePerRequestFilter.java:119)
	at org.apache.catalina.core.ApplicationFilterChain.internalDoFilter(ApplicationFilterChain.java:193)
	at org.apache.catalina.core.ApplicationFilterChain.doFilter(ApplicationFilterChain.java:166)
	at org.springframework.web.filter.CharacterEncodingFilter.doFilterInternal(CharacterEncodingFilter.java:201)
	at org.springframework.web.filter.OncePerRequestFilter.doFilter(OncePerRequestFilter.java:119)
	at org.apache.catalina.core.ApplicationFilterChain.internalDoFilter(ApplicationFilterChain.java:193)
	at org.apache.catalina.core.ApplicationFilterChain.doFilter(ApplicationFilterChain.java:166)
	at org.apache.catalina.core.StandardWrapperValve.invoke(StandardWrapperValve.java:202)
	at org.apache.catalina.core.StandardContextValve.invoke(StandardContextValve.java:96)
	at org.apache.catalina.authenticator.AuthenticatorBase.invoke(AuthenticatorBase.java:541)
	at org.apache.catalina.core.StandardHostValve.invoke(StandardHostValve.java:139)
	at org.apache.catalina.valves.ErrorReportValve.invoke(ErrorReportValve.java:92)
	at org.apache.catalina.core.StandardEngineValve.invoke(StandardEngineValve.java:74)
	at org.apache.catalina.connector.CoyoteAdapter.service(CoyoteAdapter.java:343)
	at org.apache.coyote.http11.Http11Processor.service(Http11Processor.java:373)
	at org.apache.coyote.AbstractProcessorLight.process(AbstractProcessorLight.java:65)
	at org.apache.coyote.AbstractProtocol$ConnectionHandler.process(AbstractProtocol.java:868)
	at org.apache.tomcat.util.net.NioEndpoint$SocketProcessor.doRun(NioEndpoint.java:1590)
	at org.apache.tomcat.util.net.SocketProcessorBase.run(SocketProcessorBase.java:49)
	at java.util.concurrent.ThreadPoolExecutor.runWorker(ThreadPoolExecutor.java:1149)
	at java.util.concurrent.ThreadPoolExecutor$Worker.run(ThreadPoolExecutor.java:624)
	at org.apache.tomcat.util.threads.TaskThread$WrappingRunnable.run(TaskThread.java:61)
	at java.lang.Thread.run(Thread.java:748)
2020-09-03 15:13:14.316 [http-nio-8080-exec-10] DEBUG org.hibernate.SQL - select * from routeline where route_line like concat('%', ?, '%', ?, '%') 
2020-09-03 15:13:14.319 [http-nio-8080-exec-10] TRACE org.hibernate.type.descriptor.sql.BasicBinder - binding parameter [1] as [VARCHAR] - [北京]
2020-09-03 15:13:14.320 [http-nio-8080-exec-10] TRACE org.hibernate.type.descriptor.sql.BasicBinder - binding parameter [2] as [VARCHAR] - [上海]
2020-09-03 15:13:14.330 [http-nio-8080-exec-10] DEBUG org.hibernate.SQL - select tripentity0_.id as id1_10_0_, tripentity0_.departure_time as departur2_10_0_, tripentity0_.end_station as end_stat3_10_0_, tripentity0_.remainseat_info as remainse4_10_0_, tripentity0_.show_time as show_tim5_10_0_, tripentity0_.start_station as start_st6_10_0_, tripentity0_.train_id as train_id7_10_0_, tripentity0_.train_number as train_nu8_10_0_, tripentity0_.trip_status as trip_sta9_10_0_, trainentit1_.id as id1_9_1_, trainentit1_.seat_info as seat_inf2_9_1_, trainentit1_.train_type as train_ty3_9_1_ from trip tripentity0_ left outer join train trainentit1_ on tripentity0_.train_id=trainentit1_.id where tripentity0_.id=?
2020-09-03 15:13:14.331 [http-nio-8080-exec-10] TRACE org.hibernate.type.descriptor.sql.BasicBinder - binding parameter [1] as [INTEGER] - [25]
2020-09-03 15:13:14.400 [http-nio-8080-exec-10] DEBUG org.hibernate.SQL - select tripentity0_.id as id1_10_0_, tripentity0_.departure_time as departur2_10_0_, tripentity0_.end_station as end_stat3_10_0_, tripentity0_.remainseat_info as remainse4_10_0_, tripentity0_.show_time as show_tim5_10_0_, tripentity0_.start_station as start_st6_10_0_, tripentity0_.train_id as train_id7_10_0_, tripentity0_.train_number as train_nu8_10_0_, tripentity0_.trip_status as trip_sta9_10_0_, trainentit1_.id as id1_9_1_, trainentit1_.seat_info as seat_inf2_9_1_, trainentit1_.train_type as train_ty3_9_1_ from trip tripentity0_ left outer join train trainentit1_ on tripentity0_.train_id=trainentit1_.id where tripentity0_.id=?
2020-09-03 15:13:14.400 [http-nio-8080-exec-10] TRACE org.hibernate.type.descriptor.sql.BasicBinder - binding parameter [1] as [INTEGER] - [46]
2020-09-03 15:13:14.411 [http-nio-8080-exec-10] DEBUG org.hibernate.SQL - select arrive_time from stations where station_name=? and trip_id=?
2020-09-03 15:13:14.412 [http-nio-8080-exec-10] TRACE org.hibernate.type.descriptor.sql.BasicBinder - binding parameter [1] as [VARCHAR] - [北京]
2020-09-03 15:13:14.412 [http-nio-8080-exec-10] TRACE org.hibernate.type.descriptor.sql.BasicBinder - binding parameter [2] as [INTEGER] - [25]
2020-09-03 15:13:14.437 [http-nio-8080-exec-10] DEBUG org.hibernate.SQL - select arrive_time from stations where station_name=? and trip_id=?
2020-09-03 15:13:14.437 [http-nio-8080-exec-10] TRACE org.hibernate.type.descriptor.sql.BasicBinder - binding parameter [1] as [VARCHAR] - [北京]
2020-09-03 15:13:14.437 [http-nio-8080-exec-10] TRACE org.hibernate.type.descriptor.sql.BasicBinder - binding parameter [2] as [INTEGER] - [46]
2020-09-03 15:17:57.120 [http-nio-8080-exec-4] DEBUG org.hibernate.SQL - select contactent0_.id as id1_2_, contactent0_.name as name2_2_, contactent0_.ordinery_user_id as ordinery3_2_, contactent0_.person_id as person_i4_2_, contactent0_.person_phonenum as person_p5_2_ from contact contactent0_ where contactent0_.ordinery_user_id=? order by contactent0_.id desc limit ?
2020-09-03 15:17:57.121 [http-nio-8080-exec-4] TRACE org.hibernate.type.descriptor.sql.BasicBinder - binding parameter [1] as [INTEGER] - [81]
2020-09-03 15:17:57.150 [http-nio-8080-exec-4] DEBUG org.hibernate.SQL - select userordere0_.id as id1_11_, userordere0_.name_list as name_lis2_11_, userordere0_.ordinery_user_id as ordinery3_11_, userordere0_.price as price4_11_, userordere0_.pricelist as pricelis5_11_, userordere0_.rout_line as rout_lin6_11_, userordere0_.seat_list as seat_lis7_11_, userordere0_.seat_num_list as seat_num8_11_, userordere0_.trip_id as trip_id9_11_, userordere0_.trip_number as trip_nu10_11_, userordere0_.trip_time as trip_ti11_11_, userordere0_.typelist as typelis12_11_, userordere0_.user_order_condition as user_or13_11_ from user_order userordere0_ where userordere0_.ordinery_user_id=? and userordere0_.user_order_condition=?
2020-09-03 15:17:57.151 [http-nio-8080-exec-4] TRACE org.hibernate.type.descriptor.sql.BasicBinder - binding parameter [1] as [INTEGER] - [81]
2020-09-03 15:17:57.151 [http-nio-8080-exec-4] TRACE org.hibernate.type.descriptor.sql.BasicBinder - binding parameter [2] as [VARCHAR] - [0]
2020-09-03 15:17:57.169 [http-nio-8080-exec-4] DEBUG org.hibernate.SQL - select userordere0_.id as id1_11_, userordere0_.name_list as name_lis2_11_, userordere0_.ordinery_user_id as ordinery3_11_, userordere0_.price as price4_11_, userordere0_.pricelist as pricelis5_11_, userordere0_.rout_line as rout_lin6_11_, userordere0_.seat_list as seat_lis7_11_, userordere0_.seat_num_list as seat_num8_11_, userordere0_.trip_id as trip_id9_11_, userordere0_.trip_number as trip_nu10_11_, userordere0_.trip_time as trip_ti11_11_, userordere0_.typelist as typelis12_11_, userordere0_.user_order_condition as user_or13_11_ from user_order userordere0_ where userordere0_.ordinery_user_id=? and userordere0_.user_order_condition=?
2020-09-03 15:17:57.169 [http-nio-8080-exec-4] TRACE org.hibernate.type.descriptor.sql.BasicBinder - binding parameter [1] as [INTEGER] - [81]
2020-09-03 15:17:57.169 [http-nio-8080-exec-4] TRACE org.hibernate.type.descriptor.sql.BasicBinder - binding parameter [2] as [VARCHAR] - [1]
2020-09-03 15:17:57.171 [http-nio-8080-exec-4] DEBUG org.hibernate.SQL - select userordere0_.id as id1_11_, userordere0_.name_list as name_lis2_11_, userordere0_.ordinery_user_id as ordinery3_11_, userordere0_.price as price4_11_, userordere0_.pricelist as pricelis5_11_, userordere0_.rout_line as rout_lin6_11_, userordere0_.seat_list as seat_lis7_11_, userordere0_.seat_num_list as seat_num8_11_, userordere0_.trip_id as trip_id9_11_, userordere0_.trip_number as trip_nu10_11_, userordere0_.trip_time as trip_ti11_11_, userordere0_.typelist as typelis12_11_, userordere0_.user_order_condition as user_or13_11_ from user_order userordere0_ where userordere0_.ordinery_user_id=? and userordere0_.user_order_condition=?
2020-09-03 15:17:57.171 [http-nio-8080-exec-4] TRACE org.hibernate.type.descriptor.sql.BasicBinder - binding parameter [1] as [INTEGER] - [81]
2020-09-03 15:17:57.171 [http-nio-8080-exec-4] TRACE org.hibernate.type.descriptor.sql.BasicBinder - binding parameter [2] as [VARCHAR] - [2]
